<?xml version="1.0" encoding="UTF-8"?>
<!-- Generated by org.testng.reporters.JUnitReportReporter -->
<testsuite hostname="Kartheekslaptop" failures="0" tests="1" name="_17_webdriverpractice.drivers.MicrosoftEdgeDriverTest" time="4.349" errors="1" timestamp="2020-07-18T14:43:04 IST" skipped="0">
  <testcase classname="_17_webdriverpractice.drivers.MicrosoftEdgeDriverTest" name="usingWebDriverManager" time="4.349">
    <error message="session not created: This version of MSEdgeDriver only supports MSEdge version 86
Build info: version: &#039;3.141.59&#039;, revision: &#039;e82be7d358&#039;, time: &#039;2018-11-14T08:17:03&#039;
System info: host: &#039;KARTHEEKSLAPTOP&#039;, ip: &#039;192.168.0.149&#039;, os.name: &#039;Windows 10&#039;, os.arch: &#039;amd64&#039;, os.version: &#039;10.0&#039;, java.version: &#039;14.0.1&#039;
Driver info: driver.version: EdgeDriver
remote stacktrace: Backtrace:
	Ordinal0 [0x00007FF7C1148D32+4099378]
	Ordinal0 [0x00007FF7C1021459+2888793]
	Ordinal0 [0x00007FF7C0E8E247+1237575]
	Ordinal0 [0x00007FF7C0DE51E7+545255]
	Ordinal0 [0x00007FF7C0DE09A3+526755]
	Ordinal0 [0x00007FF7C0DDC14C+508236]
	Ordinal0 [0x00007FF7C0E0DCC3+711875]
	Ordinal0 [0x00007FF7C0E0B2BF+701119]
	Ordinal0 [0x00007FF7C0DE7663+554595]
	Ordinal0 [0x00007FF7C0DE83FE+558078]
	Ordinal0 [0x00007FF7C103E8F6+3008758]
	GetHandleVerifier [0x00007FF7C128F211+1216705]
	GetHandleVerifier [0x00007FF7C12A16A1+1291601]
	GetHandleVerifier [0x00007FF7C128FEF7+1220007]
	Ordinal0 [0x00007FF7C1031F71+2957169]
	Ordinal0 [0x00007FF7C10407C9+3016649]
	Ordinal0 [0x00007FF7C1055488+3101832]
	BaseThreadInitThunk [0x00007FFDDDAF7BD4+20]
	RtlUserThreadStart [0x00007FFDDE8ACE51+33]
" type="org.openqa.selenium.SessionNotCreatedException">
      <![CDATA[org.openqa.selenium.SessionNotCreatedException: session not created: This version of MSEdgeDriver only supports MSEdge version 86
Build info: version: '3.141.59', revision: 'e82be7d358', time: '2018-11-14T08:17:03'
System info: host: 'KARTHEEKSLAPTOP', ip: '192.168.0.149', os.name: 'Windows 10', os.arch: 'amd64', os.version: '10.0', java.version: '14.0.1'
Driver info: driver.version: EdgeDriver
remote stacktrace: Backtrace:
Ordinal0 [0x00007FF7C1148D32+4099378]
Ordinal0 [0x00007FF7C1021459+2888793]
Ordinal0 [0x00007FF7C0E8E247+1237575]
Ordinal0 [0x00007FF7C0DE51E7+545255]
Ordinal0 [0x00007FF7C0DE09A3+526755]
Ordinal0 [0x00007FF7C0DDC14C+508236]
Ordinal0 [0x00007FF7C0E0DCC3+711875]
Ordinal0 [0x00007FF7C0E0B2BF+701119]
Ordinal0 [0x00007FF7C0DE7663+554595]
Ordinal0 [0x00007FF7C0DE83FE+558078]
Ordinal0 [0x00007FF7C103E8F6+3008758]
GetHandleVerifier [0x00007FF7C128F211+1216705]
GetHandleVerifier [0x00007FF7C12A16A1+1291601]
GetHandleVerifier [0x00007FF7C128FEF7+1220007]
Ordinal0 [0x00007FF7C1031F71+2957169]
Ordinal0 [0x00007FF7C10407C9+3016649]
Ordinal0 [0x00007FF7C1055488+3101832]
BaseThreadInitThunk [0x00007FFDDDAF7BD4+20]
RtlUserThreadStart [0x00007FFDDE8ACE51+33]

at java.base/jdk.internal.reflect.NativeConstructorAccessorImpl.newInstance0(Native Method)
at java.base/jdk.internal.reflect.NativeConstructorAccessorImpl.newInstance(NativeConstructorAccessorImpl.java:62)
at java.base/jdk.internal.reflect.DelegatingConstructorAccessorImpl.newInstance(DelegatingConstructorAccessorImpl.java:45)
at java.base/java.lang.reflect.Constructor.newInstanceWithCaller(Constructor.java:500)
at java.base/java.lang.reflect.Constructor.newInstance(Constructor.java:481)
at org.openqa.selenium.remote.W3CHandshakeResponse.lambda$errorHandler$0(W3CHandshakeResponse.java:62)
at org.openqa.selenium.remote.HandshakeResponse.lambda$getResponseFunction$0(HandshakeResponse.java:30)
at org.openqa.selenium.remote.ProtocolHandshake.lambda$createSession$0(ProtocolHandshake.java:126)
at java.base/java.util.stream.ReferencePipeline$3$1.accept(ReferencePipeline.java:195)
at java.base/java.util.Spliterators$ArraySpliterator.tryAdvance(Spliterators.java:958)
at java.base/java.util.stream.ReferencePipeline.forEachWithCancel(ReferencePipeline.java:127)
at java.base/java.util.stream.AbstractPipeline.copyIntoWithCancel(AbstractPipeline.java:502)
at java.base/java.util.stream.AbstractPipeline.copyInto(AbstractPipeline.java:488)
at java.base/java.util.stream.AbstractPipeline.wrapAndCopyInto(AbstractPipeline.java:474)
at java.base/java.util.stream.FindOps$FindOp.evaluateSequential(FindOps.java:150)
at java.base/java.util.stream.AbstractPipeline.evaluate(AbstractPipeline.java:234)
at java.base/java.util.stream.ReferencePipeline.findFirst(ReferencePipeline.java:543)
at org.openqa.selenium.remote.ProtocolHandshake.createSession(ProtocolHandshake.java:128)
at org.openqa.selenium.remote.ProtocolHandshake.createSession(ProtocolHandshake.java:74)
at org.openqa.selenium.remote.HttpCommandExecutor.execute(HttpCommandExecutor.java:136)
at org.openqa.selenium.remote.service.DriverCommandExecutor.execute(DriverCommandExecutor.java:83)
at org.openqa.selenium.remote.RemoteWebDriver.execute(RemoteWebDriver.java:552)
at org.openqa.selenium.remote.RemoteWebDriver.startSession(RemoteWebDriver.java:213)
at org.openqa.selenium.remote.RemoteWebDriver.<init>(RemoteWebDriver.java:131)
at org.openqa.selenium.edge.EdgeDriver.<init>(EdgeDriver.java:141)
at org.openqa.selenium.edge.EdgeDriver.<init>(EdgeDriver.java:96)
at _17_webdriverpractice.drivers.MicrosoftEdgeDriverTest.usingWebDriverManager(MicrosoftEdgeDriverTest.java:19)
at java.base/jdk.internal.reflect.NativeMethodAccessorImpl.invoke0(Native Method)
at java.base/jdk.internal.reflect.NativeMethodAccessorImpl.invoke(NativeMethodAccessorImpl.java:62)
at java.base/jdk.internal.reflect.DelegatingMethodAccessorImpl.invoke(DelegatingMethodAccessorImpl.java:43)
at java.base/java.lang.reflect.Method.invoke(Method.java:564)
at org.testng.internal.MethodInvocationHelper.invokeMethod(MethodInvocationHelper.java:134)
at org.testng.internal.TestInvoker.invokeMethod(TestInvoker.java:597)
at org.testng.internal.TestInvoker.invokeTestMethod(TestInvoker.java:173)
at org.testng.internal.MethodRunner.runInSequence(MethodRunner.java:46)
at org.testng.internal.TestInvoker$MethodInvocationAgent.invoke(TestInvoker.java:816)
at org.testng.internal.TestInvoker.invokeTestMethods(TestInvoker.java:146)
at org.testng.internal.TestMethodWorker.invokeTestMethods(TestMethodWorker.java:146)
at org.testng.internal.TestMethodWorker.run(TestMethodWorker.java:128)
at java.base/java.util.ArrayList.forEach(ArrayList.java:1510)
at org.testng.TestRunner.privateRun(TestRunner.java:766)
at org.testng.TestRunner.run(TestRunner.java:587)
at org.testng.SuiteRunner.runTest(SuiteRunner.java:384)
at org.testng.SuiteRunner.runSequentially(SuiteRunner.java:378)
at org.testng.SuiteRunner.privateRun(SuiteRunner.java:337)
at org.testng.SuiteRunner.run(SuiteRunner.java:286)
at org.testng.SuiteRunnerWorker.runSuite(SuiteRunnerWorker.java:53)
at org.testng.SuiteRunnerWorker.run(SuiteRunnerWorker.java:96)
at org.testng.TestNG.runSuitesSequentially(TestNG.java:1187)
at org.testng.TestNG.runSuitesLocally(TestNG.java:1109)
at org.testng.TestNG.runSuites(TestNG.java:1039)
at org.testng.TestNG.run(TestNG.java:1007)
at org.testng.remote.AbstractRemoteTestNG.run(AbstractRemoteTestNG.java:115)
at org.testng.remote.RemoteTestNG.initAndRun(RemoteTestNG.java:251)
at org.testng.remote.RemoteTestNG.main(RemoteTestNG.java:77)
]]>
    </error>
  </testcase> <!-- usingWebDriverManager -->
  <system-out/>
</testsuite> <!-- _17_webdriverpractice.drivers.MicrosoftEdgeDriverTest -->
